This is pdfTeX, Version 3.141592653-2.6-1.40.27 (MiKTeX 25.4) (preloaded format=pdflatex 2025.9.25)  17 NOV 2025 18:12
entering extended mode
 restricted \write18 enabled.
 file:line:error style messages enabled.
 %&-line parsing enabled.
**"c:/Users/jacop/Dropbox/ERC-MONOPSONIES/overleaf/diario-di-bordo---MARKINDOWN/diario di bordo.tex"
(c:/Users/jacop/Dropbox/ERC-MONOPSONIES/overleaf/diario-di-bordo---MARKINDOWN/diario di bordo.tex
LaTeX2e <2025-06-01> patch level 1
L3 programming layer <2025-09-02>
(C:\Users\jacop\AppData\Local\Programs\MiKTeX\tex/latex/base\article.cls
Document Class: article 2025/01/22 v1.4n Standard LaTeX document class
(C:\Users\jacop\AppData\Local\Programs\MiKTeX\tex/latex/base\size11.clo
File: size11.clo 2025/01/22 v1.4n Standard LaTeX file (size option)
)
\c@part=\count275
\c@section=\count276
\c@subsection=\count277
\c@subsubsection=\count278
\c@paragraph=\count279
\c@subparagraph=\count280
\c@figure=\count281
\c@table=\count282
\abovecaptionskip=\skip49
\belowcaptionskip=\skip50
\bibindent=\dimen148
) (C:\Users\jacop\AppData\Local\Programs\MiKTeX\tex/latex/pdflscape\pdflscape.sty
Package: pdflscape 2022-10-27 v0.13 Display of landscape pages in PDF
 (C:\Users\jacop\AppData\Local\Programs\MiKTeX\tex/latex/pdflscape\pdflscape-nometadata.sty
Package: pdflscape-nometadata 2022-10-28 v0.13 Display of landscape pages in PDF (HO)
 (C:\Users\jacop\AppData\Local\Programs\MiKTeX\tex/generic/iftex\iftex.sty
Package: iftex 2024/12/12 v1.0g TeX engine tests
) (C:\Users\jacop\AppData\Local\Programs\MiKTeX\tex/latex/graphics\lscape.sty
Package: lscape 2020/05/28 v3.02 Landscape Pages (DPC)
 (C:\Users\jacop\AppData\Local\Programs\MiKTeX\tex/latex/graphics\graphics.sty
Package: graphics 2024/08/06 v1.4g Standard LaTeX Graphics (DPC,SPQR)
 (C:\Users\jacop\AppData\Local\Programs\MiKTeX\tex/latex/graphics\trig.sty
Package: trig 2023/12/02 v1.11 sin cos tan (DPC)
) (C:\Users\jacop\AppData\Local\Programs\MiKTeX\tex/latex/graphics-cfg\graphics.cfg
File: graphics.cfg 2016/06/04 v1.11 sample graphics configuration
)
Package graphics Info: Driver file: pdftex.def on input line 106.
 (C:\Users\jacop\AppData\Local\Programs\MiKTeX\tex/latex/graphics-def\pdftex.def
File: pdftex.def 2024/04/13 v1.2c Graphics/color driver for pdftex
)))
Package pdflscape Info: Auto-detected driver: pdftex on input line 81.
)) (C:\Users\jacop\AppData\Local\Programs\MiKTeX\tex/latex/geometry\geometry.sty
Package: geometry 2020/01/02 v5.9 Page Geometry
 (C:\Users\jacop\AppData\Local\Programs\MiKTeX\tex/latex/graphics\keyval.sty
Package: keyval 2022/05/29 v1.15 key=value parser (DPC)
\KV@toks@=\toks17
) (C:\Users\jacop\AppData\Local\Programs\MiKTeX\tex/generic/iftex\ifvtex.sty
Package: ifvtex 2019/10/25 v1.7 ifvtex legacy package. Use iftex instead.
)
\Gm@cnth=\count283
\Gm@cntv=\count284
\c@Gm@tempcnt=\count285
\Gm@bindingoffset=\dimen149
\Gm@wd@mp=\dimen150
\Gm@odd@mp=\dimen151
\Gm@even@mp=\dimen152
\Gm@layoutwidth=\dimen153
\Gm@layoutheight=\dimen154
\Gm@layouthoffset=\dimen155
\Gm@layoutvoffset=\dimen156
\Gm@dimlist=\toks18
 (C:\Users\jacop\AppData\Local\Programs\MiKTeX\tex/latex/geometry\geometry.cfg)) (C:\Users\jacop\AppData\Local\Programs\MiKTeX\tex/latex/setspace\setspace.sty
Package: setspace 2022/12/04 v6.7b set line spacing
) (C:\Users\jacop\AppData\Local\Programs\MiKTeX\tex/latex/natbib\natbib.sty
Package: natbib 2010/09/13 8.31b (PWD, AO)
\bibhang=\skip51
\bibsep=\skip52
LaTeX Info: Redefining \cite on input line 694.
\c@NAT@ctr=\count286
) (C:\Users\jacop\AppData\Local\Programs\MiKTeX\tex/latex/amsmath\amsmath.sty
Package: amsmath 2025/06/16 v2.17y AMS math features
\@mathmargin=\skip53

For additional information on amsmath, use the `?' option.
(C:\Users\jacop\AppData\Local\Programs\MiKTeX\tex/latex/amsmath\amstext.sty
Package: amstext 2024/11/17 v2.01 AMS text
 (C:\Users\jacop\AppData\Local\Programs\MiKTeX\tex/latex/amsmath\amsgen.sty
File: amsgen.sty 1999/11/30 v2.0 generic functions
\@emptytoks=\toks19
\ex@=\dimen157
)) (C:\Users\jacop\AppData\Local\Programs\MiKTeX\tex/latex/amsmath\amsbsy.sty
Package: amsbsy 1999/11/29 v1.2d Bold Symbols
\pmbraise@=\dimen158
) (C:\Users\jacop\AppData\Local\Programs\MiKTeX\tex/latex/amsmath\amsopn.sty
Package: amsopn 2022/04/08 v2.04 operator names
)
\inf@bad=\count287
LaTeX Info: Redefining \frac on input line 233.
\uproot@=\count288
\leftroot@=\count289
LaTeX Info: Redefining \overline on input line 398.
LaTeX Info: Redefining \colon on input line 409.
\classnum@=\count290
\DOTSCASE@=\count291
LaTeX Info: Redefining \ldots on input line 495.
LaTeX Info: Redefining \dots on input line 498.
LaTeX Info: Redefining \cdots on input line 619.
\Mathstrutbox@=\box53
\strutbox@=\box54
LaTeX Info: Redefining \big on input line 721.
LaTeX Info: Redefining \Big on input line 722.
LaTeX Info: Redefining \bigg on input line 723.
LaTeX Info: Redefining \Bigg on input line 724.
\big@size=\dimen159
LaTeX Font Info:    Redeclaring font encoding OML on input line 742.
LaTeX Font Info:    Redeclaring font encoding OMS on input line 743.
\macc@depth=\count292
LaTeX Info: Redefining \bmod on input line 904.
LaTeX Info: Redefining \pmod on input line 909.
LaTeX Info: Redefining \smash on input line 939.
LaTeX Info: Redefining \relbar on input line 969.
LaTeX Info: Redefining \Relbar on input line 970.
\c@MaxMatrixCols=\count293
\dotsspace@=\muskip17
\c@parentequation=\count294
\dspbrk@lvl=\count295
\tag@help=\toks20
\row@=\count296
\column@=\count297
\maxfields@=\count298
\andhelp@=\toks21
\eqnshift@=\dimen160
\alignsep@=\dimen161
\tagshift@=\dimen162
\tagwidth@=\dimen163
\totwidth@=\dimen164
\lineht@=\dimen165
\@envbody=\toks22
\multlinegap=\skip54
\multlinetaggap=\skip55
\mathdisplay@stack=\toks23
LaTeX Info: Redefining \[ on input line 2949.
LaTeX Info: Redefining \] on input line 2950.
) (C:\Users\jacop\AppData\Local\Programs\MiKTeX\tex/latex/amsfonts\amssymb.sty
Package: amssymb 2013/01/14 v3.01 AMS font symbols
 (C:\Users\jacop\AppData\Local\Programs\MiKTeX\tex/latex/amsfonts\amsfonts.sty
Package: amsfonts 2013/01/14 v3.01 Basic AMSFonts support
\symAMSa=\mathgroup4
\symAMSb=\mathgroup5
LaTeX Font Info:    Redeclaring math symbol \hbar on input line 98.
LaTeX Font Info:    Overwriting math alphabet `\mathfrak' in version `bold'
(Font)                  U/euf/m/n --> U/euf/b/n on input line 106.
)) (C:\Users\jacop\AppData\Local\Programs\MiKTeX\tex/latex/graphics\graphicx.sty
Package: graphicx 2024/12/31 v1.2e Enhanced LaTeX Graphics (DPC,SPQR)
\Gin@req@height=\dimen166
\Gin@req@width=\dimen167
) (C:\Users\jacop\AppData\Local\Programs\MiKTeX\tex/latex/float\float.sty
Package: float 2001/11/08 v1.3d Float enhancements (AL)
\c@float@type=\count299
\float@exts=\toks24
\float@box=\box55
\@float@everytoks=\toks25
\@floatcapt=\box56
) (C:\Users\jacop\AppData\Local\Programs\MiKTeX\tex/latex/mdframed\mdframed.sty
Package: mdframed 2013/07/01 1.9b: mdframed
 (C:\Users\jacop\AppData\Local\Programs\MiKTeX\tex/latex/kvoptions\kvoptions.sty
Package: kvoptions 2022-06-15 v3.15 Key value format for package options (HO)
 (C:\Users\jacop\AppData\Local\Programs\MiKTeX\tex/generic/ltxcmds\ltxcmds.sty
Package: ltxcmds 2023-12-04 v1.26 LaTeX kernel commands for general use (HO)
) (C:\Users\jacop\AppData\Local\Programs\MiKTeX\tex/latex/kvsetkeys\kvsetkeys.sty
Package: kvsetkeys 2022-10-05 v1.19 Key value parser (HO)
)) (C:\Users\jacop\AppData\Local\Programs\MiKTeX\tex/latex/l3packages/xparse\xparse.sty (C:\Users\jacop\AppData\Local\Programs\MiKTeX\tex/latex/l3kernel\expl3.sty
Package: expl3 2025-09-02 L3 programming layer (loader) 
 (C:\Users\jacop\AppData\Local\Programs\MiKTeX\tex/latex/l3backend\l3backend-pdftex.def
File: l3backend-pdftex.def 2025-06-09 L3 backend support: PDF output (pdfTeX)
\l__color_backend_stack_int=\count300
))
Package: xparse 2024-08-16 L3 Experimental document command parser
) (C:\Users\jacop\AppData\Local\Programs\MiKTeX\tex/latex/etoolbox\etoolbox.sty
Package: etoolbox 2025/02/11 v2.5l e-TeX tools for LaTeX (JAW)
\etb@tempcnta=\count301
) (C:\Users\jacop\AppData\Local\Programs\MiKTeX\tex/latex/zref\zref-abspage.sty
Package: zref-abspage 2025-06-08 v2.36 Module abspage for zref (HO)
 (C:\Users\jacop\AppData\Local\Programs\MiKTeX\tex/latex/zref\zref-base.sty
Package: zref-base 2025-06-08 v2.36 Module base for zref (HO)
 (C:\Users\jacop\AppData\Local\Programs\MiKTeX\tex/generic/infwarerr\infwarerr.sty
Package: infwarerr 2019/12/03 v1.5 Providing info/warning/error messages (HO)
) (C:\Users\jacop\AppData\Local\Programs\MiKTeX\tex/generic/kvdefinekeys\kvdefinekeys.sty
Package: kvdefinekeys 2019-12-19 v1.6 Define keys (HO)
) (C:\Users\jacop\AppData\Local\Programs\MiKTeX\tex/generic/pdftexcmds\pdftexcmds.sty
Package: pdftexcmds 2020-06-27 v0.33 Utility functions of pdfTeX for LuaTeX (HO)
Package pdftexcmds Info: \pdf@primitive is available.
Package pdftexcmds Info: \pdf@ifprimitive is available.
Package pdftexcmds Info: \pdfdraftmode found.
) (C:\Users\jacop\AppData\Local\Programs\MiKTeX\tex/generic/etexcmds\etexcmds.sty
Package: etexcmds 2019/12/15 v1.7 Avoid name clashes with e-TeX commands (HO)
) (C:\Users\jacop\AppData\Local\Programs\MiKTeX\tex/latex/auxhook\auxhook.sty
Package: auxhook 2019-12-17 v1.6 Hooks for auxiliary files (HO)
)
Package zref Info: New property list: main on input line 767.
Package zref Info: New property: default on input line 768.
Package zref Info: New property: page on input line 769.
)
\c@abspage=\count302
Package zref Info: New property: abspage on input line 67.
) (C:\Users\jacop\AppData\Local\Programs\MiKTeX\tex/latex/needspace\needspace.sty
Package: needspace 2025/03/13 v1.3e reserve vertical space
) (C:\Users\jacop\AppData\Local\Programs\MiKTeX\tex/latex/graphics\color.sty
Package: color 2025/01/14 v1.3e Standard LaTeX Color (DPC)
 (C:\Users\jacop\AppData\Local\Programs\MiKTeX\tex/latex/graphics-cfg\color.cfg
File: color.cfg 2016/01/02 v1.6 sample color configuration
)
Package color Info: Driver file: pdftex.def on input line 149.
 (C:\Users\jacop\AppData\Local\Programs\MiKTeX\tex/latex/graphics\mathcolor.ltx))
\mdf@templength=\skip56
\c@mdf@globalstyle@cnt=\count303
\mdf@skipabove@length=\skip57
\mdf@skipbelow@length=\skip58
\mdf@leftmargin@length=\skip59
\mdf@rightmargin@length=\skip60
\mdf@innerleftmargin@length=\skip61
\mdf@innerrightmargin@length=\skip62
\mdf@innertopmargin@length=\skip63
\mdf@innerbottommargin@length=\skip64
\mdf@splittopskip@length=\skip65
\mdf@splitbottomskip@length=\skip66
\mdf@outermargin@length=\skip67
\mdf@innermargin@length=\skip68
\mdf@linewidth@length=\skip69
\mdf@innerlinewidth@length=\skip70
\mdf@middlelinewidth@length=\skip71
\mdf@outerlinewidth@length=\skip72
\mdf@roundcorner@length=\skip73
\mdf@footenotedistance@length=\skip74
\mdf@userdefinedwidth@length=\skip75
\mdf@needspace@length=\skip76
\mdf@frametitleaboveskip@length=\skip77
\mdf@frametitlebelowskip@length=\skip78
\mdf@frametitlerulewidth@length=\skip79
\mdf@frametitleleftmargin@length=\skip80
\mdf@frametitlerightmargin@length=\skip81
\mdf@shadowsize@length=\skip82
\mdf@extratopheight@length=\skip83
\mdf@subtitleabovelinewidth@length=\skip84
\mdf@subtitlebelowlinewidth@length=\skip85
\mdf@subtitleaboveskip@length=\skip86
\mdf@subtitlebelowskip@length=\skip87
\mdf@subtitleinneraboveskip@length=\skip88
\mdf@subtitleinnerbelowskip@length=\skip89
\mdf@subsubtitleabovelinewidth@length=\skip90
\mdf@subsubtitlebelowlinewidth@length=\skip91
\mdf@subsubtitleaboveskip@length=\skip92
\mdf@subsubtitlebelowskip@length=\skip93
\mdf@subsubtitleinneraboveskip@length=\skip94
\mdf@subsubtitleinnerbelowskip@length=\skip95
 (C:\Users\jacop\AppData\Local\Programs\MiKTeX\tex/latex/mdframed\md-frame-0.mdf
File: md-frame-0.mdf 2013/07/01\ 1.9b: md-frame-0
)
\mdf@frametitlebox=\box57
\mdf@footnotebox=\box58
\mdf@splitbox@one=\box59
\mdf@splitbox@two=\box60
\mdf@splitbox@save=\box61
\mdfsplitboxwidth=\skip96
\mdfsplitboxtotalwidth=\skip97
\mdfsplitboxheight=\skip98
\mdfsplitboxdepth=\skip99
\mdfsplitboxtotalheight=\skip100
\mdfframetitleboxwidth=\skip101
\mdfframetitleboxtotalwidth=\skip102
\mdfframetitleboxheight=\skip103
\mdfframetitleboxdepth=\skip104
\mdfframetitleboxtotalheight=\skip105
\mdffootnoteboxwidth=\skip106
\mdffootnoteboxtotalwidth=\skip107
\mdffootnoteboxheight=\skip108
\mdffootnoteboxdepth=\skip109
\mdffootnoteboxtotalheight=\skip110
\mdftotallinewidth=\skip111
\mdfboundingboxwidth=\skip112
\mdfboundingboxtotalwidth=\skip113
\mdfboundingboxheight=\skip114
\mdfboundingboxdepth=\skip115
\mdfboundingboxtotalheight=\skip116
\mdf@freevspace@length=\skip117
\mdf@horizontalwidthofbox@length=\skip118
\mdf@verticalmarginwhole@length=\skip119
\mdf@horizontalspaceofbox=\skip120
\mdfsubtitleheight=\skip121
\mdfsubsubtitleheight=\skip122
\c@mdfcountframes=\count304

****** mdframed patching \endmdf@trivlist

****** -- success******

\mdf@envdepth=\count305
\c@mdf@env@i=\count306
\c@mdf@env@ii=\count307
\c@mdf@zref@counter=\count308
Package zref Info: New property: mdf@pagevalue on input line 895.
) (C:\Users\jacop\AppData\Local\Programs\MiKTeX\tex/latex/xcolor\xcolor.sty
Package: xcolor 2024/09/29 v3.02 LaTeX color extensions (UK)
 (C:\Users\jacop\AppData\Local\Programs\MiKTeX\tex/latex/graphics-cfg\color.cfg
File: color.cfg 2016/01/02 v1.6 sample color configuration
)
Package xcolor Info: Driver file: pdftex.def on input line 274.
LaTeX Info: Redefining \color on input line 762.
 (C:\Users\jacop\AppData\Local\Programs\MiKTeX\tex/latex/graphics\mathcolor.ltx)
Package xcolor Info: Model `cmy' substituted by `cmy0' on input line 1349.
Package xcolor Info: Model `hsb' substituted by `rgb' on input line 1353.
Package xcolor Info: Model `RGB' extended on input line 1365.
Package xcolor Info: Model `HTML' substituted by `rgb' on input line 1367.
Package xcolor Info: Model `Hsb' substituted by `hsb' on input line 1368.
Package xcolor Info: Model `tHsb' substituted by `hsb' on input line 1369.
Package xcolor Info: Model `HSB' substituted by `hsb' on input line 1370.
Package xcolor Info: Model `Gray' substituted by `gray' on input line 1371.
Package xcolor Info: Model `wave' substituted by `hsb' on input line 1372.
) (C:\Users\jacop\AppData\Local\Programs\MiKTeX\tex/latex/graphics\dvipsnam.def
File: dvipsnam.def 2016/06/17 v3.0m Driver-dependent file (DPC,SPQR)
) (C:\Users\jacop\AppData\Local\Programs\MiKTeX\tex/latex/hyperref\hyperref.sty
Package: hyperref 2025-07-12 v7.01o Hypertext links for LaTeX
 (C:\Users\jacop\AppData\Local\Programs\MiKTeX\tex/generic/pdfescape\pdfescape.sty
Package: pdfescape 2019/12/09 v1.15 Implements pdfTeX's escape features (HO)
) (C:\Users\jacop\AppData\Local\Programs\MiKTeX\tex/latex/hycolor\hycolor.sty
Package: hycolor 2020-01-27 v1.10 Color options for hyperref/bookmark (HO)
) (C:\Users\jacop\AppData\Local\Programs\MiKTeX\tex/latex/hyperref\nameref.sty
Package: nameref 2025-06-21 v2.57 Cross-referencing by name of section
 (C:\Users\jacop\AppData\Local\Programs\MiKTeX\tex/latex/refcount\refcount.sty
Package: refcount 2019/12/15 v3.6 Data extraction from label references (HO)
) (C:\Users\jacop\AppData\Local\Programs\MiKTeX\tex/generic/gettitlestring\gettitlestring.sty
Package: gettitlestring 2019/12/15 v1.6 Cleanup title references (HO)
)
\c@section@level=\count309
) (C:\Users\jacop\AppData\Local\Programs\MiKTeX\tex/generic/stringenc\stringenc.sty
Package: stringenc 2019/11/29 v1.12 Convert strings between diff. encodings (HO)
)
\@linkdim=\dimen168
\Hy@linkcounter=\count310
\Hy@pagecounter=\count311
 (C:\Users\jacop\AppData\Local\Programs\MiKTeX\tex/latex/hyperref\pd1enc.def
File: pd1enc.def 2025-07-12 v7.01o Hyperref: PDFDocEncoding definition (HO)
Now handling font encoding PD1 ...
... no UTF-8 mapping file for font encoding PD1
) (C:\Users\jacop\AppData\Local\Programs\MiKTeX\tex/generic/intcalc\intcalc.sty
Package: intcalc 2019/12/15 v1.3 Expandable calculations with integers (HO)
)
\Hy@SavedSpaceFactor=\count312
 (C:\Users\jacop\AppData\Local\Programs\MiKTeX\tex/latex/hyperref\puenc.def
File: puenc.def 2025-07-12 v7.01o Hyperref: PDF Unicode definition (HO)
Now handling font encoding PU ...
... no UTF-8 mapping file for font encoding PU
)
Package hyperref Info: Hyper figures OFF on input line 4195.
Package hyperref Info: Link nesting OFF on input line 4200.
Package hyperref Info: Hyper index ON on input line 4203.
Package hyperref Info: Plain pages OFF on input line 4210.
Package hyperref Info: Backreferencing OFF on input line 4215.
Package hyperref Info: Implicit mode ON; LaTeX internals redefined.
Package hyperref Info: Bookmarks ON on input line 4462.
\c@Hy@tempcnt=\count313
 (C:\Users\jacop\AppData\Local\Programs\MiKTeX\tex/latex/url\url.sty
\Urlmuskip=\muskip18
Package: url 2013/09/16  ver 3.4  Verb mode for urls, etc.
)
LaTeX Info: Redefining \url on input line 4801.
\XeTeXLinkMargin=\dimen169
 (C:\Users\jacop\AppData\Local\Programs\MiKTeX\tex/generic/bitset\bitset.sty
Package: bitset 2019/12/09 v1.3 Handle bit-vector datatype (HO)
 (C:\Users\jacop\AppData\Local\Programs\MiKTeX\tex/generic/bigintcalc\bigintcalc.sty
Package: bigintcalc 2019/12/15 v1.5 Expandable calculations on big integers (HO)
))
\Fld@menulength=\count314
\Field@Width=\dimen170
\Fld@charsize=\dimen171
Package hyperref Info: Hyper figures OFF on input line 6078.
Package hyperref Info: Link nesting OFF on input line 6083.
Package hyperref Info: Hyper index ON on input line 6086.
Package hyperref Info: backreferencing OFF on input line 6093.
Package hyperref Info: Link coloring OFF on input line 6098.
Package hyperref Info: Link coloring with OCG OFF on input line 6103.
Package hyperref Info: PDF/A mode OFF on input line 6108.
\Hy@abspage=\count315
\c@Item=\count316
\c@Hfootnote=\count317
)
Package hyperref Info: Driver (autodetected): hpdftex.
 (C:\Users\jacop\AppData\Local\Programs\MiKTeX\tex/latex/hyperref\hpdftex.def
File: hpdftex.def 2025-07-12 v7.01o Hyperref driver for pdfTeX
\HyAnn@Count=\count318
\Fld@listcount=\count319
\c@bookmark@seq@number=\count320
 (C:\Users\jacop\AppData\Local\Programs\MiKTeX\tex/latex/rerunfilecheck\rerunfilecheck.sty
Package: rerunfilecheck 2025-06-21 v1.11 Rerun checks for auxiliary files (HO)
 (C:\Users\jacop\AppData\Local\Programs\MiKTeX\tex/generic/uniquecounter\uniquecounter.sty
Package: uniquecounter 2019/12/15 v1.4 Provide unlimited unique counter (HO)
)
Package uniquecounter Info: New unique counter `rerunfilecheck' on input line 284.
)
\Hy@SectionHShift=\skip123
)
Package hyperref Info: Option `colorlinks' set `true' on input line 34.
 (C:\Users\jacop\AppData\Local\Programs\MiKTeX\tex/latex/titling\titling.sty
Package: titling 2009/09/04 v2.1d maketitle typesetting
\thanksmarkwidth=\skip124
\thanksmargin=\skip125
\droptitle=\skip126
) (diario di bordo.aux)
\openout1 = `"diario di bordo.aux"'.

LaTeX Font Info:    Checking defaults for OML/cmm/m/it on input line 55.
LaTeX Font Info:    ... okay on input line 55.
LaTeX Font Info:    Checking defaults for OMS/cmsy/m/n on input line 55.
LaTeX Font Info:    ... okay on input line 55.
LaTeX Font Info:    Checking defaults for OT1/cmr/m/n on input line 55.
LaTeX Font Info:    ... okay on input line 55.
LaTeX Font Info:    Checking defaults for T1/cmr/m/n on input line 55.
LaTeX Font Info:    ... okay on input line 55.
LaTeX Font Info:    Checking defaults for TS1/cmr/m/n on input line 55.
LaTeX Font Info:    ... okay on input line 55.
LaTeX Font Info:    Checking defaults for OMX/cmex/m/n on input line 55.
LaTeX Font Info:    ... okay on input line 55.
LaTeX Font Info:    Checking defaults for U/cmr/m/n on input line 55.
LaTeX Font Info:    ... okay on input line 55.
LaTeX Font Info:    Checking defaults for PD1/pdf/m/n on input line 55.
LaTeX Font Info:    ... okay on input line 55.
LaTeX Font Info:    Checking defaults for PU/pdf/m/n on input line 55.
LaTeX Font Info:    ... okay on input line 55.
 (C:\Users\jacop\AppData\Local\Programs\MiKTeX\tex/context/base/mkii\supp-pdf.mkii
[Loading MPS to PDF converter (version 2006.09.02).]
\scratchcounter=\count321
\scratchdimen=\dimen172
\scratchbox=\box62
\nofMPsegments=\count322
\nofMParguments=\count323
\everyMPshowfont=\toks26
\MPscratchCnt=\count324
\MPscratchDim=\dimen173
\MPnumerator=\count325
\makeMPintoPDFobject=\count326
\everyMPtoPDFconversion=\toks27
) (C:\Users\jacop\AppData\Local\Programs\MiKTeX\tex/latex/epstopdf-pkg\epstopdf-base.sty
Package: epstopdf-base 2020-01-24 v2.11 Base part for package epstopdf
Package epstopdf-base Info: Redefining graphics rule for `.eps' on input line 485.
 (C:\Users\jacop\AppData\Local\Programs\MiKTeX\tex/latex/00miktex\epstopdf-sys.cfg
File: epstopdf-sys.cfg 2021/03/18 v2.0 Configuration of epstopdf for MiKTeX
))
*geometry* driver: auto-detecting
*geometry* detected driver: pdftex
*geometry* verbose mode - [ preamble ] result:
* driver: pdftex
* paper: a4paper
* layout: <same size as paper>
* layoutoffset:(h,v)=(0.0pt,0.0pt)
* modes: 
* h-part:(L,W,R)=(74.71704pt, 448.07378pt, 74.71706pt)
* v-part:(T,H,B)=(92.30072pt, 614.295pt, 138.45113pt)
* \paperwidth=597.50787pt
* \paperheight=845.04684pt
* \textwidth=448.07378pt
* \textheight=614.295pt
* \oddsidemargin=2.44705pt
* \evensidemargin=2.44705pt
* \topmargin=-16.96927pt
* \headheight=12.0pt
* \headsep=25.0pt
* \topskip=11.0pt
* \footskip=30.0pt
* \marginparwidth=50.0pt
* \marginparsep=10.0pt
* \columnsep=10.0pt
* \skip\footins=10.0pt plus 4.0pt minus 2.0pt
* \hoffset=0.0pt
* \voffset=0.0pt
* \mag=1000
* \@twocolumnfalse
* \@twosidefalse
* \@mparswitchfalse
* \@reversemarginfalse
* (1in=72.27pt=25.4mm, 1cm=28.453pt)

Package hyperref Info: Link coloring ON on input line 55.
(diario di bordo.out) (diario di bordo.out)
\@outlinefile=\write3
\openout3 = `"diario di bordo.out"'.



[1

{C:/Users/jacop/AppData/Local/MiKTeX/fonts/map/pdftex/pdftex.map}] (diario di bordo.toc
LaTeX Font Info:    Trying to load font information for U+msa on input line 4.
 (C:\Users\jacop\AppData\Local\Programs\MiKTeX\tex/latex/amsfonts\umsa.fd
File: umsa.fd 2013/01/14 v3.01 AMS symbols A
)
LaTeX Font Info:    Trying to load font information for U+msb on input line 4.
 (C:\Users\jacop\AppData\Local\Programs\MiKTeX\tex/latex/amsfonts\umsb.fd
File: umsb.fd 2013/01/14 v3.01 AMS symbols B
))
\tf@toc=\write4
\openout4 = `"diario di bordo.toc"'.



[2]


pdfTeX warning (ext4): destination with the same identifier (name{page.1}) has been already used, duplicate ignored
<to be read again> 
                   \relax 
l.74 \newpage
              [1]
<Images/ncc_by_worker_type.png, id=64, 1799.523pt x 1108.6218pt>
File: Images/ncc_by_worker_type.png Graphic file (type png)
<use Images/ncc_by_worker_type.png>
Package pdftex.def Info: Images/ncc_by_worker_type.png  used on input line 81.
(pdftex.def)             Requested size: 448.07378pt x 276.0383pt.



pdfTeX warning (ext4): destination with the same identifier (name{page.2}) has been already used, duplicate ignored
<to be read again> 
                   \relax 
l.101 
       [2 <./Images/ncc_by_worker_type.png>]
Overfull \hbox (1.60178pt too wide) in paragraph at lines 114--137
 [][] 
 []



[3]
Overfull \hbox (1.60178pt too wide) in paragraph at lines 149--172
 [][] 
 []



[4]

[5]
Underfull \hbox (badness 1077) in paragraph at lines 216--217
[]\OT1/cmr/m/n/10 Non-compete clauses must be rea-son-able, within cer-tain
 []


Overfull \hbox (1.60178pt too wide) in paragraph at lines 202--225
 [][] 
 []



[6]
Overfull \hbox (1.60178pt too wide) in paragraph at lines 245--268
 [][] 
 []



[7]

[8]
Overfull \hbox (1.60178pt too wide) in paragraph at lines 308--331
 [][] 
 []



[9]
Overfull \hbox (1.60178pt too wide) in paragraph at lines 349--372
 [][] 
 []



[10]
Overfull \hbox (1.60178pt too wide) in paragraph at lines 381--404
 [][] 
 []


Overfull \hbox (1.60178pt too wide) in paragraph at lines 413--436
 [][] 
 []



[11]
Overfull \hbox (1.60178pt too wide) in paragraph at lines 443--466
 [][] 
 []



[12]
Overfull \hbox (1.60178pt too wide) in paragraph at lines 480--503
 [][] 
 []



[13]
Overfull \hbox (1.60178pt too wide) in paragraph at lines 518--541
 [][] 
 []



[14]
Overfull \hbox (1.60178pt too wide) in paragraph at lines 556--579
 [][] 
 []



[15]
Overfull \hbox (1.60178pt too wide) in paragraph at lines 594--617
 [][] 
 []



[16]
Overfull \hbox (1.60178pt too wide) in paragraph at lines 632--655
 [][] 
 []



[17]

[18]
<Incidence_gender_Education/Belgium.png, id=179, 1285.80376pt x 770.88pt>
File: Incidence_gender_Education/Belgium.png Graphic file (type png)
<use Incidence_gender_Education/Belgium.png>
Package pdftex.def Info: Incidence_gender_Education/Belgium.png  used on input line 677.
(pdftex.def)             Requested size: 224.01842pt x 134.30612pt.
<Incidence_gender_Education/France.png, id=180, 1285.80376pt x 770.88pt>
File: Incidence_gender_Education/France.png Graphic file (type png)
<use Incidence_gender_Education/France.png>
Package pdftex.def Info: Incidence_gender_Education/France.png  used on input line 678.
(pdftex.def)             Requested size: 224.01842pt x 134.30612pt.
<Incidence_gender_Education/Canada.png, id=181, 1285.80376pt x 770.88pt>
File: Incidence_gender_Education/Canada.png Graphic file (type png)
<use Incidence_gender_Education/Canada.png>
Package pdftex.def Info: Incidence_gender_Education/Canada.png  used on input line 683.
(pdftex.def)             Requested size: 224.01842pt x 134.30612pt.
<Incidence_gender_Education/Germany.png, id=182, 1285.80376pt x 770.88pt>
File: Incidence_gender_Education/Germany.png Graphic file (type png)
<use Incidence_gender_Education/Germany.png>
Package pdftex.def Info: Incidence_gender_Education/Germany.png  used on input line 684.
(pdftex.def)             Requested size: 224.01842pt x 134.30612pt.


[19

 <./Incidence_gender_Education/Belgium.png (PNG copy)> <./Incidence_gender_Education/France.png (PNG copy)> <./Incidence_gender_Education/Canada.png (PNG copy)> <./Incidence_gender_Education/Germany.png (PNG copy)>]
<Incidence_gender_Education/Japan.png, id=188, 1285.80376pt x 770.88pt>
File: Incidence_gender_Education/Japan.png Graphic file (type png)
<use Incidence_gender_Education/Japan.png>
Package pdftex.def Info: Incidence_gender_Education/Japan.png  used on input line 694.
(pdftex.def)             Requested size: 201.63182pt x 120.88492pt.
<Incidence_gender_Education/Korea.png, id=189, 1285.80376pt x 770.88pt>
File: Incidence_gender_Education/Korea.png Graphic file (type png)
<use Incidence_gender_Education/Korea.png>
Package pdftex.def Info: Incidence_gender_Education/Korea.png  used on input line 695.
(pdftex.def)             Requested size: 201.63182pt x 120.88492pt.
<Incidence_gender_Education/Mexico.png, id=190, 1285.80376pt x 770.88pt>
File: Incidence_gender_Education/Mexico.png Graphic file (type png)
<use Incidence_gender_Education/Mexico.png>
Package pdftex.def Info: Incidence_gender_Education/Mexico.png  used on input line 696.
(pdftex.def)             Requested size: 201.63182pt x 120.88492pt.
<Incidence_gender_Education/New Zealand.png, id=191, 1285.80376pt x 770.88pt>
File: Incidence_gender_Education/New Zealand.png Graphic file (type png)
<use Incidence_gender_Education/New Zealand.png>
Package pdftex.def Info: Incidence_gender_Education/New Zealand.png  used on input line 697.
(pdftex.def)             Requested size: 201.63182pt x 120.88492pt.


[20


 <./Incidence_gender_Education/Japan.png (PNG copy)> <./Incidence_gender_Education/Korea.png (PNG copy)> <./Incidence_gender_Education/Mexico.png (PNG copy)> <./Incidence_gender_Education/New Zealand.png (PNG copy)>]
<Incidence_gender_Education/Poland.png, id=197, 1285.80376pt x 770.88pt>
File: Incidence_gender_Education/Poland.png Graphic file (type png)
<use Incidence_gender_Education/Poland.png>
Package pdftex.def Info: Incidence_gender_Education/Poland.png  used on input line 706.
(pdftex.def)             Requested size: 201.63182pt x 120.88492pt.
<Incidence_gender_Education/Portugal.png, id=198, 1285.80376pt x 770.88pt>
File: Incidence_gender_Education/Portugal.png Graphic file (type png)
<use Incidence_gender_Education/Portugal.png>
Package pdftex.def Info: Incidence_gender_Education/Portugal.png  used on input line 707.
(pdftex.def)             Requested size: 201.63182pt x 120.88492pt.
<Incidence_gender_Education/Spain.png, id=199, 1285.80376pt x 770.88pt>
File: Incidence_gender_Education/Spain.png Graphic file (type png)
<use Incidence_gender_Education/Spain.png>
Package pdftex.def Info: Incidence_gender_Education/Spain.png  used on input line 708.
(pdftex.def)             Requested size: 201.63182pt x 120.88492pt.
<Incidence_gender_Education/Sweden.png, id=200, 1285.80376pt x 770.88pt>
File: Incidence_gender_Education/Sweden.png Graphic file (type png)
<use Incidence_gender_Education/Sweden.png>
Package pdftex.def Info: Incidence_gender_Education/Sweden.png  used on input line 709.
(pdftex.def)             Requested size: 201.63182pt x 120.88492pt.


[21


 <./Incidence_gender_Education/Poland.png (PNG copy)> <./Incidence_gender_Education/Portugal.png (PNG copy)> <./Incidence_gender_Education/Spain.png (PNG copy)> <./Incidence_gender_Education/Sweden.png (PNG copy)>]
<Incidence_gender_Education/Switzerland.png, id=206, 1285.80376pt x 770.88pt>
File: Incidence_gender_Education/Switzerland.png Graphic file (type png)
<use Incidence_gender_Education/Switzerland.png>
Package pdftex.def Info: Incidence_gender_Education/Switzerland.png  used on input line 718.
(pdftex.def)             Requested size: 201.63182pt x 120.88492pt.
<Incidence_gender_Education/UK.png, id=207, 1285.80376pt x 770.88pt>
File: Incidence_gender_Education/UK.png Graphic file (type png)
<use Incidence_gender_Education/UK.png>
Package pdftex.def Info: Incidence_gender_Education/UK.png  used on input line 719.
(pdftex.def)             Requested size: 201.63182pt x 120.88492pt.


[22


 <./Incidence_gender_Education/Switzerland.png (PNG copy)> <./Incidence_gender_Education/UK.png (PNG copy)>]
File: Incidence_gender_Education/Belgium.png Graphic file (type png)
<use Incidence_gender_Education/Belgium.png>
Package pdftex.def Info: Incidence_gender_Education/Belgium.png  used on input line 728.
(pdftex.def)             Requested size: 403.26366pt x 241.76985pt.
File: Incidence_gender_Education/Canada.png Graphic file (type png)
<use Incidence_gender_Education/Canada.png>
Package pdftex.def Info: Incidence_gender_Education/Canada.png  used on input line 729.
(pdftex.def)             Requested size: 403.26366pt x 241.76985pt.
File: Incidence_gender_Education/France.png Graphic file (type png)
<use Incidence_gender_Education/France.png>
Package pdftex.def Info: Incidence_gender_Education/France.png  used on input line 730.
(pdftex.def)             Requested size: 403.26366pt x 241.76985pt.
File: Incidence_gender_Education/Germany.png Graphic file (type png)
<use Incidence_gender_Education/Germany.png>
Package pdftex.def Info: Incidence_gender_Education/Germany.png  used on input line 731.
(pdftex.def)             Requested size: 403.26366pt x 241.76985pt.
File: Incidence_gender_Education/Japan.png Graphic file (type png)
<use Incidence_gender_Education/Japan.png>
Package pdftex.def Info: Incidence_gender_Education/Japan.png  used on input line 732.
(pdftex.def)             Requested size: 403.26366pt x 241.76985pt.
File: Incidence_gender_Education/Korea.png Graphic file (type png)
<use Incidence_gender_Education/Korea.png>
Package pdftex.def Info: Incidence_gender_Education/Korea.png  used on input line 733.
(pdftex.def)             Requested size: 403.26366pt x 241.76985pt.
File: Incidence_gender_Education/Mexico.png Graphic file (type png)
<use Incidence_gender_Education/Mexico.png>
Package pdftex.def Info: Incidence_gender_Education/Mexico.png  used on input line 734.
(pdftex.def)             Requested size: 403.26366pt x 241.76985pt.
File: Incidence_gender_Education/New Zealand.png Graphic file (type png)
<use Incidence_gender_Education/New Zealand.png>
Package pdftex.def Info: Incidence_gender_Education/New Zealand.png  used on input line 735.
(pdftex.def)             Requested size: 403.26366pt x 241.76985pt.
File: Incidence_gender_Education/Poland.png Graphic file (type png)
<use Incidence_gender_Education/Poland.png>
Package pdftex.def Info: Incidence_gender_Education/Poland.png  used on input line 736.
(pdftex.def)             Requested size: 403.26366pt x 241.76985pt.
File: Incidence_gender_Education/Portugal.png Graphic file (type png)
<use Incidence_gender_Education/Portugal.png>
Package pdftex.def Info: Incidence_gender_Education/Portugal.png  used on input line 737.
(pdftex.def)             Requested size: 403.26366pt x 241.76985pt.
File: Incidence_gender_Education/Spain.png Graphic file (type png)
<use Incidence_gender_Education/Spain.png>
Package pdftex.def Info: Incidence_gender_Education/Spain.png  used on input line 738.
(pdftex.def)             Requested size: 403.26366pt x 241.76985pt.
File: Incidence_gender_Education/Sweden.png Graphic file (type png)
<use Incidence_gender_Education/Sweden.png>
Package pdftex.def Info: Incidence_gender_Education/Sweden.png  used on input line 739.
(pdftex.def)             Requested size: 403.26366pt x 241.76985pt.
File: Incidence_gender_Education/Switzerland.png Graphic file (type png)
<use Incidence_gender_Education/Switzerland.png>
Package pdftex.def Info: Incidence_gender_Education/Switzerland.png  used on input line 740.
(pdftex.def)             Requested size: 403.26366pt x 241.76985pt.
File: Incidence_gender_Education/UK.png Graphic file (type png)
<use Incidence_gender_Education/UK.png>
Package pdftex.def Info: Incidence_gender_Education/UK.png  used on input line 741.
(pdftex.def)             Requested size: 403.26366pt x 241.76985pt.


[23


]
Overfull \vbox (2978.15327pt too high) has occurred while \output is active []



[24]
<Incidence_gender_Industry/Belgium.png, id=223, 1285.80376pt x 770.88pt>
File: Incidence_gender_Industry/Belgium.png Graphic file (type png)
<use Incidence_gender_Industry/Belgium.png>
Package pdftex.def Info: Incidence_gender_Industry/Belgium.png  used on input line 749.
(pdftex.def)             Requested size: 403.26366pt x 241.76985pt.
<Incidence_gender_Industry/Canada.png, id=224, 1285.80376pt x 770.88pt>
File: Incidence_gender_Industry/Canada.png Graphic file (type png)
<use Incidence_gender_Industry/Canada.png>
Package pdftex.def Info: Incidence_gender_Industry/Canada.png  used on input line 750.
(pdftex.def)             Requested size: 403.26366pt x 241.76985pt.
<Incidence_gender_Industry/France.png, id=225, 1285.80376pt x 770.88pt>
File: Incidence_gender_Industry/France.png Graphic file (type png)
<use Incidence_gender_Industry/France.png>
Package pdftex.def Info: Incidence_gender_Industry/France.png  used on input line 751.
(pdftex.def)             Requested size: 403.26366pt x 241.76985pt.
<Incidence_gender_Industry/Germany.png, id=226, 1285.80376pt x 770.88pt>
File: Incidence_gender_Industry/Germany.png Graphic file (type png)
<use Incidence_gender_Industry/Germany.png>
Package pdftex.def Info: Incidence_gender_Industry/Germany.png  used on input line 752.
(pdftex.def)             Requested size: 403.26366pt x 241.76985pt.
<Incidence_gender_Industry/Japan.png, id=227, 1285.80376pt x 770.88pt>
File: Incidence_gender_Industry/Japan.png Graphic file (type png)
<use Incidence_gender_Industry/Japan.png>
Package pdftex.def Info: Incidence_gender_Industry/Japan.png  used on input line 753.
(pdftex.def)             Requested size: 403.26366pt x 241.76985pt.
<Incidence_gender_Industry/Korea.png, id=228, 1285.80376pt x 770.88pt>
File: Incidence_gender_Industry/Korea.png Graphic file (type png)
<use Incidence_gender_Industry/Korea.png>
Package pdftex.def Info: Incidence_gender_Industry/Korea.png  used on input line 754.
(pdftex.def)             Requested size: 403.26366pt x 241.76985pt.
<Incidence_gender_Industry/Mexico.png, id=229, 1285.80376pt x 770.88pt>
File: Incidence_gender_Industry/Mexico.png Graphic file (type png)
<use Incidence_gender_Industry/Mexico.png>
Package pdftex.def Info: Incidence_gender_Industry/Mexico.png  used on input line 755.
(pdftex.def)             Requested size: 403.26366pt x 241.76985pt.
<Incidence_gender_Industry/New Zealand.png, id=230, 1285.80376pt x 770.88pt>
File: Incidence_gender_Industry/New Zealand.png Graphic file (type png)
<use Incidence_gender_Industry/New Zealand.png>
Package pdftex.def Info: Incidence_gender_Industry/New Zealand.png  used on input line 756.
(pdftex.def)             Requested size: 403.26366pt x 241.76985pt.
<Incidence_gender_Industry/Poland.png, id=231, 1285.80376pt x 770.88pt>
File: Incidence_gender_Industry/Poland.png Graphic file (type png)
<use Incidence_gender_Industry/Poland.png>
Package pdftex.def Info: Incidence_gender_Industry/Poland.png  used on input line 757.
(pdftex.def)             Requested size: 403.26366pt x 241.76985pt.
<Incidence_gender_Industry/Portugal.png, id=232, 1285.80376pt x 770.88pt>
File: Incidence_gender_Industry/Portugal.png Graphic file (type png)
<use Incidence_gender_Industry/Portugal.png>
Package pdftex.def Info: Incidence_gender_Industry/Portugal.png  used on input line 758.
(pdftex.def)             Requested size: 403.26366pt x 241.76985pt.
<Incidence_gender_Industry/Spain.png, id=233, 1285.80376pt x 770.88pt>
File: Incidence_gender_Industry/Spain.png Graphic file (type png)
<use Incidence_gender_Industry/Spain.png>
Package pdftex.def Info: Incidence_gender_Industry/Spain.png  used on input line 759.
(pdftex.def)             Requested size: 403.26366pt x 241.76985pt.
<Incidence_gender_Industry/Sweden.png, id=234, 1285.80376pt x 770.88pt>
File: Incidence_gender_Industry/Sweden.png Graphic file (type png)
<use Incidence_gender_Industry/Sweden.png>
Package pdftex.def Info: Incidence_gender_Industry/Sweden.png  used on input line 760.
(pdftex.def)             Requested size: 403.26366pt x 241.76985pt.
<Incidence_gender_Industry/Switzerland.png, id=235, 1285.80376pt x 770.88pt>
File: Incidence_gender_Industry/Switzerland.png Graphic file (type png)
<use Incidence_gender_Industry/Switzerland.png>
Package pdftex.def Info: Incidence_gender_Industry/Switzerland.png  used on input line 761.
(pdftex.def)             Requested size: 403.26366pt x 241.76985pt.
<Incidence_gender_Industry/UK.png, id=236, 1285.80376pt x 770.88pt>
File: Incidence_gender_Industry/UK.png Graphic file (type png)
<use Incidence_gender_Industry/UK.png>
Package pdftex.def Info: Incidence_gender_Industry/UK.png  used on input line 762.
(pdftex.def)             Requested size: 403.26366pt x 241.76985pt.


[25

]
Overfull \vbox (2843.33722pt too high) has occurred while \output is active []



[26 <./Incidence_gender_Industry/Belgium.png (PNG copy)> <./Incidence_gender_Industry/Canada.png (PNG copy)> <./Incidence_gender_Industry/France.png (PNG copy)> <./Incidence_gender_Industry/Germany.png (PNG copy)> <./Incidence_gender_Industry/Japan.png (PNG copy)> <./Incidence_gender_Industry/Korea.png (PNG copy)> <./Incidence_gender_Industry/Mexico.png (PNG copy)> <./Incidence_gender_Industry/New Zealand.png (PNG copy)> <./Incidence_gender_Industry/Poland.png (PNG copy)> <./Incidence_gender_Industry/Portugal.png (PNG copy)> <./Incidence_gender_Industry/Spain.png (PNG copy)> <./Incidence_gender_Industry/Sweden.png (PNG copy)> <./Incidence_gender_Industry/Switzerland.png (PNG copy)> <./Incidence_gender_Industry/UK.png (PNG copy)>]
File: Incidence_gender_Industry/Belgium.png Graphic file (type png)
<use Incidence_gender_Industry/Belgium.png>
Package pdftex.def Info: Incidence_gender_Industry/Belgium.png  used on input line 768.
(pdftex.def)             Requested size: 403.26366pt x 241.76985pt.
File: Incidence_gender_Industry/Canada.png Graphic file (type png)
<use Incidence_gender_Industry/Canada.png>
Package pdftex.def Info: Incidence_gender_Industry/Canada.png  used on input line 769.
(pdftex.def)             Requested size: 403.26366pt x 241.76985pt.
File: Incidence_gender_Industry/France.png Graphic file (type png)
<use Incidence_gender_Industry/France.png>
Package pdftex.def Info: Incidence_gender_Industry/France.png  used on input line 770.
(pdftex.def)             Requested size: 403.26366pt x 241.76985pt.
File: Incidence_gender_Industry/Germany.png Graphic file (type png)
<use Incidence_gender_Industry/Germany.png>
Package pdftex.def Info: Incidence_gender_Industry/Germany.png  used on input line 771.
(pdftex.def)             Requested size: 403.26366pt x 241.76985pt.
File: Incidence_gender_Industry/Japan.png Graphic file (type png)
<use Incidence_gender_Industry/Japan.png>
Package pdftex.def Info: Incidence_gender_Industry/Japan.png  used on input line 772.
(pdftex.def)             Requested size: 403.26366pt x 241.76985pt.
File: Incidence_gender_Industry/Korea.png Graphic file (type png)
<use Incidence_gender_Industry/Korea.png>
Package pdftex.def Info: Incidence_gender_Industry/Korea.png  used on input line 773.
(pdftex.def)             Requested size: 403.26366pt x 241.76985pt.
File: Incidence_gender_Industry/Mexico.png Graphic file (type png)
<use Incidence_gender_Industry/Mexico.png>
Package pdftex.def Info: Incidence_gender_Industry/Mexico.png  used on input line 774.
(pdftex.def)             Requested size: 403.26366pt x 241.76985pt.
File: Incidence_gender_Industry/New Zealand.png Graphic file (type png)
<use Incidence_gender_Industry/New Zealand.png>
Package pdftex.def Info: Incidence_gender_Industry/New Zealand.png  used on input line 775.
(pdftex.def)             Requested size: 403.26366pt x 241.76985pt.
File: Incidence_gender_Industry/Poland.png Graphic file (type png)
<use Incidence_gender_Industry/Poland.png>
Package pdftex.def Info: Incidence_gender_Industry/Poland.png  used on input line 776.
(pdftex.def)             Requested size: 403.26366pt x 241.76985pt.
File: Incidence_gender_Industry/Portugal.png Graphic file (type png)
<use Incidence_gender_Industry/Portugal.png>
Package pdftex.def Info: Incidence_gender_Industry/Portugal.png  used on input line 777.
(pdftex.def)             Requested size: 403.26366pt x 241.76985pt.
File: Incidence_gender_Industry/Spain.png Graphic file (type png)
<use Incidence_gender_Industry/Spain.png>
Package pdftex.def Info: Incidence_gender_Industry/Spain.png  used on input line 778.
(pdftex.def)             Requested size: 403.26366pt x 241.76985pt.
File: Incidence_gender_Industry/Sweden.png Graphic file (type png)
<use Incidence_gender_Industry/Sweden.png>
Package pdftex.def Info: Incidence_gender_Industry/Sweden.png  used on input line 779.
(pdftex.def)             Requested size: 403.26366pt x 241.76985pt.
File: Incidence_gender_Industry/Switzerland.png Graphic file (type png)
<use Incidence_gender_Industry/Switzerland.png>
Package pdftex.def Info: Incidence_gender_Industry/Switzerland.png  used on input line 780.
(pdftex.def)             Requested size: 403.26366pt x 241.76985pt.
File: Incidence_gender_Industry/UK.png Graphic file (type png)
<use Incidence_gender_Industry/UK.png>
Package pdftex.def Info: Incidence_gender_Industry/UK.png  used on input line 781.
(pdftex.def)             Requested size: 403.26366pt x 241.76985pt.


[27

]
Overfull \vbox (2978.15327pt too high) has occurred while \output is active []



[28]
<Incidence_gender_position/Belgium.png, id=255, 1285.80376pt x 770.88pt>
File: Incidence_gender_position/Belgium.png Graphic file (type png)
<use Incidence_gender_position/Belgium.png>
Package pdftex.def Info: Incidence_gender_position/Belgium.png  used on input line 789.
(pdftex.def)             Requested size: 403.26366pt x 241.76985pt.
<Incidence_gender_position/Canada.png, id=256, 1285.80376pt x 770.88pt>
File: Incidence_gender_position/Canada.png Graphic file (type png)
<use Incidence_gender_position/Canada.png>
Package pdftex.def Info: Incidence_gender_position/Canada.png  used on input line 790.
(pdftex.def)             Requested size: 403.26366pt x 241.76985pt.
<Incidence_gender_position/France.png, id=257, 1285.80376pt x 770.88pt>
File: Incidence_gender_position/France.png Graphic file (type png)
<use Incidence_gender_position/France.png>
Package pdftex.def Info: Incidence_gender_position/France.png  used on input line 791.
(pdftex.def)             Requested size: 403.26366pt x 241.76985pt.
<Incidence_gender_position/Germany.png, id=258, 1285.80376pt x 770.88pt>
File: Incidence_gender_position/Germany.png Graphic file (type png)
<use Incidence_gender_position/Germany.png>
Package pdftex.def Info: Incidence_gender_position/Germany.png  used on input line 792.
(pdftex.def)             Requested size: 403.26366pt x 241.76985pt.
<Incidence_gender_position/Japan.png, id=259, 1285.80376pt x 770.88pt>
File: Incidence_gender_position/Japan.png Graphic file (type png)
<use Incidence_gender_position/Japan.png>
Package pdftex.def Info: Incidence_gender_position/Japan.png  used on input line 793.
(pdftex.def)             Requested size: 403.26366pt x 241.76985pt.
<Incidence_gender_position/Korea.png, id=260, 1285.80376pt x 770.88pt>
File: Incidence_gender_position/Korea.png Graphic file (type png)
<use Incidence_gender_position/Korea.png>
Package pdftex.def Info: Incidence_gender_position/Korea.png  used on input line 794.
(pdftex.def)             Requested size: 403.26366pt x 241.76985pt.
<Incidence_gender_position/Mexico.png, id=261, 1285.80376pt x 770.88pt>
File: Incidence_gender_position/Mexico.png Graphic file (type png)
<use Incidence_gender_position/Mexico.png>
Package pdftex.def Info: Incidence_gender_position/Mexico.png  used on input line 795.
(pdftex.def)             Requested size: 403.26366pt x 241.76985pt.
<Incidence_gender_position/New Zealand.png, id=262, 1285.80376pt x 770.88pt>
File: Incidence_gender_position/New Zealand.png Graphic file (type png)
<use Incidence_gender_position/New Zealand.png>
Package pdftex.def Info: Incidence_gender_position/New Zealand.png  used on input line 796.
(pdftex.def)             Requested size: 403.26366pt x 241.76985pt.
<Incidence_gender_position/Poland.png, id=263, 1285.80376pt x 770.88pt>
File: Incidence_gender_position/Poland.png Graphic file (type png)
<use Incidence_gender_position/Poland.png>
Package pdftex.def Info: Incidence_gender_position/Poland.png  used on input line 797.
(pdftex.def)             Requested size: 403.26366pt x 241.76985pt.
<Incidence_gender_position/Portugal.png, id=264, 1285.80376pt x 770.88pt>
File: Incidence_gender_position/Portugal.png Graphic file (type png)
<use Incidence_gender_position/Portugal.png>
Package pdftex.def Info: Incidence_gender_position/Portugal.png  used on input line 798.
(pdftex.def)             Requested size: 403.26366pt x 241.76985pt.
<Incidence_gender_position/Spain.png, id=265, 1285.80376pt x 770.88pt>
File: Incidence_gender_position/Spain.png Graphic file (type png)
<use Incidence_gender_position/Spain.png>
Package pdftex.def Info: Incidence_gender_position/Spain.png  used on input line 799.
(pdftex.def)             Requested size: 403.26366pt x 241.76985pt.
<Incidence_gender_position/Sweden.png, id=266, 1285.80376pt x 770.88pt>
File: Incidence_gender_position/Sweden.png Graphic file (type png)
<use Incidence_gender_position/Sweden.png>
Package pdftex.def Info: Incidence_gender_position/Sweden.png  used on input line 800.
(pdftex.def)             Requested size: 403.26366pt x 241.76985pt.
<Incidence_gender_position/Switzerland.png, id=267, 1285.80376pt x 770.88pt>
File: Incidence_gender_position/Switzerland.png Graphic file (type png)
<use Incidence_gender_position/Switzerland.png>
Package pdftex.def Info: Incidence_gender_position/Switzerland.png  used on input line 801.
(pdftex.def)             Requested size: 403.26366pt x 241.76985pt.
<Incidence_gender_position/UK.png, id=268, 1285.80376pt x 770.88pt>
File: Incidence_gender_position/UK.png Graphic file (type png)
<use Incidence_gender_position/UK.png>
Package pdftex.def Info: Incidence_gender_position/UK.png  used on input line 802.
(pdftex.def)             Requested size: 403.26366pt x 241.76985pt.


[29

]
Overfull \vbox (2843.33722pt too high) has occurred while \output is active []



[30 <./Incidence_gender_position/Belgium.png (PNG copy)> <./Incidence_gender_position/Canada.png (PNG copy)> <./Incidence_gender_position/France.png (PNG copy)> <./Incidence_gender_position/Germany.png (PNG copy)> <./Incidence_gender_position/Japan.png (PNG copy)> <./Incidence_gender_position/Korea.png (PNG copy)> <./Incidence_gender_position/Mexico.png (PNG copy)> <./Incidence_gender_position/New Zealand.png (PNG copy)> <./Incidence_gender_position/Poland.png (PNG copy)> <./Incidence_gender_position/Portugal.png (PNG copy)> <./Incidence_gender_position/Spain.png (PNG copy)> <./Incidence_gender_position/Sweden.png (PNG copy)> <./Incidence_gender_position/Switzerland.png (PNG copy)> <./Incidence_gender_position/UK.png (PNG copy)>]
File: Incidence_gender_position/Belgium.png Graphic file (type png)
<use Incidence_gender_position/Belgium.png>
Package pdftex.def Info: Incidence_gender_position/Belgium.png  used on input line 808.
(pdftex.def)             Requested size: 403.26366pt x 241.76985pt.
File: Incidence_gender_position/Canada.png Graphic file (type png)
<use Incidence_gender_position/Canada.png>
Package pdftex.def Info: Incidence_gender_position/Canada.png  used on input line 809.
(pdftex.def)             Requested size: 403.26366pt x 241.76985pt.
File: Incidence_gender_position/France.png Graphic file (type png)
<use Incidence_gender_position/France.png>
Package pdftex.def Info: Incidence_gender_position/France.png  used on input line 810.
(pdftex.def)             Requested size: 403.26366pt x 241.76985pt.
File: Incidence_gender_position/Germany.png Graphic file (type png)
<use Incidence_gender_position/Germany.png>
Package pdftex.def Info: Incidence_gender_position/Germany.png  used on input line 811.
(pdftex.def)             Requested size: 403.26366pt x 241.76985pt.
File: Incidence_gender_position/Japan.png Graphic file (type png)
<use Incidence_gender_position/Japan.png>
Package pdftex.def Info: Incidence_gender_position/Japan.png  used on input line 812.
(pdftex.def)             Requested size: 403.26366pt x 241.76985pt.
File: Incidence_gender_position/Korea.png Graphic file (type png)
<use Incidence_gender_position/Korea.png>
Package pdftex.def Info: Incidence_gender_position/Korea.png  used on input line 813.
(pdftex.def)             Requested size: 403.26366pt x 241.76985pt.
File: Incidence_gender_position/Mexico.png Graphic file (type png)
<use Incidence_gender_position/Mexico.png>
Package pdftex.def Info: Incidence_gender_position/Mexico.png  used on input line 814.
(pdftex.def)             Requested size: 403.26366pt x 241.76985pt.
File: Incidence_gender_position/New Zealand.png Graphic file (type png)
<use Incidence_gender_position/New Zealand.png>
Package pdftex.def Info: Incidence_gender_position/New Zealand.png  used on input line 815.
(pdftex.def)             Requested size: 403.26366pt x 241.76985pt.
File: Incidence_gender_position/Poland.png Graphic file (type png)
<use Incidence_gender_position/Poland.png>
Package pdftex.def Info: Incidence_gender_position/Poland.png  used on input line 816.
(pdftex.def)             Requested size: 403.26366pt x 241.76985pt.
File: Incidence_gender_position/Portugal.png Graphic file (type png)
<use Incidence_gender_position/Portugal.png>
Package pdftex.def Info: Incidence_gender_position/Portugal.png  used on input line 817.
(pdftex.def)             Requested size: 403.26366pt x 241.76985pt.
File: Incidence_gender_position/Spain.png Graphic file (type png)
<use Incidence_gender_position/Spain.png>
Package pdftex.def Info: Incidence_gender_position/Spain.png  used on input line 818.
(pdftex.def)             Requested size: 403.26366pt x 241.76985pt.
File: Incidence_gender_position/Sweden.png Graphic file (type png)
<use Incidence_gender_position/Sweden.png>
Package pdftex.def Info: Incidence_gender_position/Sweden.png  used on input line 819.
(pdftex.def)             Requested size: 403.26366pt x 241.76985pt.
File: Incidence_gender_position/Switzerland.png Graphic file (type png)
<use Incidence_gender_position/Switzerland.png>
Package pdftex.def Info: Incidence_gender_position/Switzerland.png  used on input line 820.
(pdftex.def)             Requested size: 403.26366pt x 241.76985pt.
File: Incidence_gender_position/UK.png Graphic file (type png)
<use Incidence_gender_position/UK.png>
Package pdftex.def Info: Incidence_gender_position/UK.png  used on input line 821.
(pdftex.def)             Requested size: 403.26366pt x 241.76985pt.


[31

]
Overfull \vbox (2978.15327pt too high) has occurred while \output is active []



[32]
<compensation_type_gender/Belgium.png, id=288, 1820.8025pt x 673.51625pt>
File: compensation_type_gender/Belgium.png Graphic file (type png)
<use compensation_type_gender/Belgium.png>
Package pdftex.def Info: compensation_type_gender/Belgium.png  used on input line 830.
(pdftex.def)             Requested size: 403.26366pt x 149.16061pt.
<compensation_type_gender/Canada.png, id=289, 1820.8025pt x 673.51625pt>
File: compensation_type_gender/Canada.png Graphic file (type png)
<use compensation_type_gender/Canada.png>
Package pdftex.def Info: compensation_type_gender/Canada.png  used on input line 831.
(pdftex.def)             Requested size: 403.26366pt x 149.16061pt.
<compensation_type_gender/France.png, id=290, 1820.8025pt x 673.51625pt>
File: compensation_type_gender/France.png Graphic file (type png)
<use compensation_type_gender/France.png>
Package pdftex.def Info: compensation_type_gender/France.png  used on input line 832.
(pdftex.def)             Requested size: 403.26366pt x 149.16061pt.
<compensation_type_gender/Germany.png, id=291, 1820.8025pt x 673.51625pt>
File: compensation_type_gender/Germany.png Graphic file (type png)
<use compensation_type_gender/Germany.png>
Package pdftex.def Info: compensation_type_gender/Germany.png  used on input line 833.
(pdftex.def)             Requested size: 403.26366pt x 149.16061pt.
<compensation_type_gender/Japan.png, id=292, 1820.8025pt x 673.51625pt>
File: compensation_type_gender/Japan.png Graphic file (type png)
<use compensation_type_gender/Japan.png>
Package pdftex.def Info: compensation_type_gender/Japan.png  used on input line 834.
(pdftex.def)             Requested size: 403.26366pt x 149.16061pt.
<compensation_type_gender/Korea.png, id=293, 1820.8025pt x 673.51625pt>
File: compensation_type_gender/Korea.png Graphic file (type png)
<use compensation_type_gender/Korea.png>
Package pdftex.def Info: compensation_type_gender/Korea.png  used on input line 835.
(pdftex.def)             Requested size: 403.26366pt x 149.16061pt.
<compensation_type_gender/Mexico.png, id=294, 1820.8025pt x 673.51625pt>
File: compensation_type_gender/Mexico.png Graphic file (type png)
<use compensation_type_gender/Mexico.png>
Package pdftex.def Info: compensation_type_gender/Mexico.png  used on input line 836.
(pdftex.def)             Requested size: 403.26366pt x 149.16061pt.
<compensation_type_gender/New Zealand.png, id=295, 1820.8025pt x 673.51625pt>
File: compensation_type_gender/New Zealand.png Graphic file (type png)
<use compensation_type_gender/New Zealand.png>
Package pdftex.def Info: compensation_type_gender/New Zealand.png  used on input line 837.
(pdftex.def)             Requested size: 403.26366pt x 149.16061pt.
<compensation_type_gender/Poland.png, id=296, 1820.8025pt x 673.51625pt>
File: compensation_type_gender/Poland.png Graphic file (type png)
<use compensation_type_gender/Poland.png>
Package pdftex.def Info: compensation_type_gender/Poland.png  used on input line 838.
(pdftex.def)             Requested size: 403.26366pt x 149.16061pt.
<compensation_type_gender/Portugal.png, id=297, 1820.8025pt x 673.51625pt>
File: compensation_type_gender/Portugal.png Graphic file (type png)
<use compensation_type_gender/Portugal.png>
Package pdftex.def Info: compensation_type_gender/Portugal.png  used on input line 839.
(pdftex.def)             Requested size: 403.26366pt x 149.16061pt.
<compensation_type_gender/Spain.png, id=298, 1820.8025pt x 673.51625pt>
File: compensation_type_gender/Spain.png Graphic file (type png)
<use compensation_type_gender/Spain.png>
Package pdftex.def Info: compensation_type_gender/Spain.png  used on input line 840.
(pdftex.def)             Requested size: 403.26366pt x 149.16061pt.
<compensation_type_gender/Sweden.png, id=299, 1820.8025pt x 673.51625pt>
File: compensation_type_gender/Sweden.png Graphic file (type png)
<use compensation_type_gender/Sweden.png>
Package pdftex.def Info: compensation_type_gender/Sweden.png  used on input line 841.
(pdftex.def)             Requested size: 403.26366pt x 149.16061pt.
<compensation_type_gender/Switzerland.png, id=300, 1820.8025pt x 673.51625pt>
File: compensation_type_gender/Switzerland.png Graphic file (type png)
<use compensation_type_gender/Switzerland.png>
Package pdftex.def Info: compensation_type_gender/Switzerland.png  used on input line 842.
(pdftex.def)             Requested size: 403.26366pt x 149.16061pt.
<compensation_type_gender/UK.png, id=301, 1820.8025pt x 673.51625pt>
File: compensation_type_gender/UK.png Graphic file (type png)
<use compensation_type_gender/UK.png>
Package pdftex.def Info: compensation_type_gender/UK.png  used on input line 843.
(pdftex.def)             Requested size: 403.26366pt x 149.16061pt.


[33

]
Overfull \vbox (1546.80789pt too high) has occurred while \output is active []



[34 <./compensation_type_gender/Belgium.png (PNG copy)> <./compensation_type_gender/Canada.png (PNG copy)> <./compensation_type_gender/France.png (PNG copy)> <./compensation_type_gender/Germany.png (PNG copy)> <./compensation_type_gender/Japan.png (PNG copy)> <./compensation_type_gender/Korea.png (PNG copy)> <./compensation_type_gender/Mexico.png (PNG copy)> <./compensation_type_gender/New Zealand.png (PNG copy)> <./compensation_type_gender/Poland.png (PNG copy)> <./compensation_type_gender/Portugal.png (PNG copy)> <./compensation_type_gender/Spain.png (PNG copy)> <./compensation_type_gender/Sweden.png (PNG copy)> <./compensation_type_gender/Switzerland.png (PNG copy)> <./compensation_type_gender/UK.png (PNG copy)>]
File: compensation_type_gender/Belgium.png Graphic file (type png)
<use compensation_type_gender/Belgium.png>
Package pdftex.def Info: compensation_type_gender/Belgium.png  used on input line 849.
(pdftex.def)             Requested size: 403.26366pt x 149.16061pt.
File: compensation_type_gender/Canada.png Graphic file (type png)
<use compensation_type_gender/Canada.png>
Package pdftex.def Info: compensation_type_gender/Canada.png  used on input line 850.
(pdftex.def)             Requested size: 403.26366pt x 149.16061pt.
File: compensation_type_gender/France.png Graphic file (type png)
<use compensation_type_gender/France.png>
Package pdftex.def Info: compensation_type_gender/France.png  used on input line 851.
(pdftex.def)             Requested size: 403.26366pt x 149.16061pt.
File: compensation_type_gender/Germany.png Graphic file (type png)
<use compensation_type_gender/Germany.png>
Package pdftex.def Info: compensation_type_gender/Germany.png  used on input line 852.
(pdftex.def)             Requested size: 403.26366pt x 149.16061pt.
File: compensation_type_gender/Japan.png Graphic file (type png)
<use compensation_type_gender/Japan.png>
Package pdftex.def Info: compensation_type_gender/Japan.png  used on input line 853.
(pdftex.def)             Requested size: 403.26366pt x 149.16061pt.
File: compensation_type_gender/Korea.png Graphic file (type png)
<use compensation_type_gender/Korea.png>
Package pdftex.def Info: compensation_type_gender/Korea.png  used on input line 854.
(pdftex.def)             Requested size: 403.26366pt x 149.16061pt.
File: compensation_type_gender/Mexico.png Graphic file (type png)
<use compensation_type_gender/Mexico.png>
Package pdftex.def Info: compensation_type_gender/Mexico.png  used on input line 855.
(pdftex.def)             Requested size: 403.26366pt x 149.16061pt.
File: compensation_type_gender/New Zealand.png Graphic file (type png)
<use compensation_type_gender/New Zealand.png>
Package pdftex.def Info: compensation_type_gender/New Zealand.png  used on input line 856.
(pdftex.def)             Requested size: 403.26366pt x 149.16061pt.
File: compensation_type_gender/Poland.png Graphic file (type png)
<use compensation_type_gender/Poland.png>
Package pdftex.def Info: compensation_type_gender/Poland.png  used on input line 857.
(pdftex.def)             Requested size: 403.26366pt x 149.16061pt.
File: compensation_type_gender/Portugal.png Graphic file (type png)
<use compensation_type_gender/Portugal.png>
Package pdftex.def Info: compensation_type_gender/Portugal.png  used on input line 858.
(pdftex.def)             Requested size: 403.26366pt x 149.16061pt.
File: compensation_type_gender/Spain.png Graphic file (type png)
<use compensation_type_gender/Spain.png>
Package pdftex.def Info: compensation_type_gender/Spain.png  used on input line 859.
(pdftex.def)             Requested size: 403.26366pt x 149.16061pt.
File: compensation_type_gender/Sweden.png Graphic file (type png)
<use compensation_type_gender/Sweden.png>
Package pdftex.def Info: compensation_type_gender/Sweden.png  used on input line 860.
(pdftex.def)             Requested size: 403.26366pt x 149.16061pt.
File: compensation_type_gender/Switzerland.png Graphic file (type png)
<use compensation_type_gender/Switzerland.png>
Package pdftex.def Info: compensation_type_gender/Switzerland.png  used on input line 861.
(pdftex.def)             Requested size: 403.26366pt x 149.16061pt.
File: compensation_type_gender/UK.png Graphic file (type png)
<use compensation_type_gender/UK.png>
Package pdftex.def Info: compensation_type_gender/UK.png  used on input line 862.
(pdftex.def)             Requested size: 403.26366pt x 149.16061pt.


[35

]
Overfull \vbox (1681.62395pt too high) has occurred while \output is active []



[36] (diario di bordo.bbl
Underfull \hbox (badness 5064) in paragraph at lines 38--43
[]\OT1/cmr/m/n/10.95 Christian Maron and Benedikt Groh.  10 pit-falls when en-ter-ing into a post-
 []


Underfull \hbox (badness 10000) in paragraph at lines 38--43
\OT1/cmr/m/n/10.95 contractual non-compete covenant un-der Ger-man law, June 2022.  URL
 []


Underfull \hbox (badness 10000) in paragraph at lines 38--43
[][]$\OT1/cmtt/m/n/10.95 https : / / www . taylorwessing . com / en / insights-[]and-[]events / insights / 2020 / 12 /
 []


Overfull \hbox (72.55376pt too wide) in paragraph at lines 38--43
\OT1/cmtt/m/n/10.95 10-[]pitfalls-[]when-[]entering-[]into-[]a-[]post-[]contractual-[]non-[]compete-[]covenant-[]under-[]german-[]law$[][]\OT1/cmr/m/n/10.95 . 
 []

)

[37

] (diario di bordo.aux)
 ***********
LaTeX2e <2025-06-01> patch level 1
L3 programming layer <2025-09-02>
 ***********
Package rerunfilecheck Info: File `"diario di bordo".out' has not changed.
(rerunfilecheck)             Checksum: 0A5419D9D317B18E95F4B16A4B7E2CC0;1672.
 ) 
Here is how much of TeX's memory you used:
 12772 strings out of 468130
 213469 string characters out of 5430633
 636068 words of memory out of 5000000
 41116 multiletter control sequences out of 15000+600000
 636188 words of font info for 76 fonts, out of 8000000 for 9000
 1141 hyphenation exceptions out of 8191
 89i,10n,95p,1161b,514s stack positions out of 10000i,1000n,20000p,200000b,200000s
 <C:\Users\jacop\AppData\Local\MiKTeX\fonts/pk/ljfour/jknappen/ec/dpi600\tcrm1095.pk> <C:\Users\jacop\AppData\Local\MiKTeX\fonts/pk/ljfour/jknappen/ec/dpi600\tcrm1000.pk><C:/Users/jacop/AppData/Local/Programs/MiKTeX/fonts/type1/public/amsfonts/cm/cmbx10.pfb><C:/Users/jacop/AppData/Local/Programs/MiKTeX/fonts/type1/public/amsfonts/cm/cmbx12.pfb><C:/Users/jacop/AppData/Local/Programs/MiKTeX/fonts/type1/public/amsfonts/cm/cmr10.pfb><C:/Users/jacop/AppData/Local/Programs/MiKTeX/fonts/type1/public/amsfonts/cm/cmsy10.pfb><C:/Users/jacop/AppData/Local/Programs/MiKTeX/fonts/type1/public/amsfonts/cm/cmti10.pfb><C:/Users/jacop/AppData/Local/Programs/MiKTeX/fonts/type1/public/amsfonts/cm/cmtt10.pfb>
Output written on "diario di bordo.pdf" (39 pages, 4063118 bytes).
PDF statistics:
 396 PDF objects out of 1000 (max. 8388607)
 83 named destinations out of 1000 (max. 500000)
 358 words of extra memory for PDF output out of 10000 (max. 10000000)

